*** Start analyzing build configuration ***
*** List of included argument files ***
    Build configuration file:  /home/student/mslezak/VDIC/.dvt/lab01.build
    -F /home/student/mslezak/VDIC/lab01/tb/tb.f
*** Done analyzing build configuration [12 ms] ***

*** Start SystemVerilog build ***
*** Invocation #1***
Loading (1) /home/student/mslezak/VDIC/common/fifomult2024.svp ...
Done /home/student/mslezak/VDIC/common/fifomult2024.svp [9 ms, 167 lines, SystemVerilog_2012] ...
Loading (2) /home/student/mslezak/VDIC/lab01/tb/fifomult2024_tb.sv ...
Done /home/student/mslezak/VDIC/lab01/tb/fifomult2024_tb.sv [2 ms, 316 lines, SystemVerilog_2012] ...
*** Done invocation #1 [7 ms] ***
*** Done parsing [LT 3 ms, PT 7.0 ms] ***
*** Total number of lines [483] ***
Performing post full build actions ...
Performing post full build step 1 (SRI) [0 ms] ...
Performing post full build step 2 (RI) [0 ms] ...
Performing post full build step 3 (RCP) [0 ms] ...
*** Files summary [2 total, 2 unique, 0 optimized] ***
*** Done SystemVerilog build [17 ms] ***

*** Start mixed mode extension build ***
Performing mixed post full build step (VLOG - RI) [0 ms] ...
*** Warning: UNSPECIFIED_TOP: Please specify a -top module/entity/configuration in the project build file

*** Top design candidates: work.top
Performing mixed post full build step (MIXED - ELAB) [204 ms] ...
Performing mixed post full build step (MIXED - UNEL) [52 ms] ...
Performing mixed post full build step (VLOG - RD) [0 ms] ...
Performing mixed post full build step (VLOG - FSC) [53 ms] ...
Performing mixed post full build step (VLOG - EV) [52 ms] ...
Performing mixed post full build step (VLOG - ELPC) [0 ms] ...
Performing mixed post full build step (VLOG - US) [53 ms] ...
*** Warning: SIGNAL_NEVER_USED: Signal 'clk' is never used
    at line 56 in /home/student/mslezak/VDIC/common/fifomult2024.svp [compile index 1]

*** Warning: SIGNAL_NEVER_USED: Signal 'rst_n' is never used
    at line 57 in /home/student/mslezak/VDIC/common/fifomult2024.svp [compile index 1]

*** Warning: SIGNAL_NEVER_USED: Signal 'data_in' is never used
    at line 58 in /home/student/mslezak/VDIC/common/fifomult2024.svp [compile index 1]

*** Warning: SIGNAL_NEVER_USED: Signal 'data_in_parity' is never used
    at line 59 in /home/student/mslezak/VDIC/common/fifomult2024.svp [compile index 1]

*** Warning: SIGNAL_NEVER_USED: Signal 'data_in_valid' is never used
    at line 60 in /home/student/mslezak/VDIC/common/fifomult2024.svp [compile index 1]

*** Warning: SIGNAL_NEVER_USED: Signal 'busy_out' is never used
    at line 61 in /home/student/mslezak/VDIC/common/fifomult2024.svp [compile index 1]

*** Warning: SIGNAL_NEVER_USED: Signal 'data_out' is never used
    at line 62 in /home/student/mslezak/VDIC/common/fifomult2024.svp [compile index 1]

*** Warning: SIGNAL_NEVER_USED: Signal 'data_out_parity' is never used
    at line 63 in /home/student/mslezak/VDIC/common/fifomult2024.svp [compile index 1]

*** Warning: SIGNAL_NEVER_USED: Signal 'data_out_valid' is never used
    at line 64 in /home/student/mslezak/VDIC/common/fifomult2024.svp [compile index 1]

*** Warning: SIGNAL_NEVER_USED: Signal 'data_in_parity_error' is never used
    at line 65 in /home/student/mslezak/VDIC/common/fifomult2024.svp [compile index 1]

*** Done mixed mode extension build [505 ms] ***
*** Start adding/validating the DVT Auto-Linked resources ***
*** Done adding/validating the DVT Auto-Linked resources [2 ms] ***
*** Total build time [536 ms] ***
